<?xml version="1.0" encoding="UTF-8"?>
<!-- Generated by org.testng.reporters.JUnitReportReporter -->
<testsuite skipped="0" hostname="LAPTOP-KO317EUS" name="execution.Base" tests="1" failures="0" timestamp="2020-04-14T18:46:19 PDT" time="8.380" errors="0">
  <testcase name="startup" time="8.380" classname="execution.Base"/>
  <system-out/>
</testsuite> <!-- execution.Base -->
