<?xml version="1.0" encoding="UTF-8"?>
<!-- Generated by org.testng.reporters.JUnitReportReporter -->
<testsuite skipped="0" hostname="LAPTOP-KO317EUS" name="execution.Base" tests="1" failures="0" timestamp="2020-04-15T00:23:30 PDT" time="10.610" errors="0">
  <testcase name="startup" time="10.610" classname="execution.Base"/>
  <system-out/>
</testsuite> <!-- execution.Base -->
